Build started 9/28/2012 3:18:00 PM.
     1>Project "D:\Subversion\codeur-de-chevalier-tower-defense\TD\TD\TD.vcxproj" on node 2 (build target(s)).
     1>InitializeBuildStatus:
         Creating "Debug\TD.unsuccessfulbuild" because "AlwaysCreate" was specified.
       ClCompile:
         All outputs are up-to-date.
         C:\Program Files (x86)\Microsoft Visual Studio 10.0\VC\bin\CL.exe /c /I"D:\Subversion\codeur-de-chevalier-tower-defense\TD\TD\SFML-1.6\include" /ZI /nologo /W3 /WX- /Od /Oy- /D WIN32 /D _DEBUG /D _CONSOLE /D _UNICODE /D UNICODE /Gm /EHsc /RTC1 /MDd /GS /fp:precise /Zc:wchar_t /Zc:forScope /Yu"StdAfx.h" /Fp"Debug\TD.pch" /Fo"Debug\\" /Fd"Debug\vc100.pdb" /Gd /TP /analyze- /errorReport:prompt TD.cpp
         TD.cpp
     1>d:\subversion\codeur-de-chevalier-tower-defense\td\td\td.cpp(228): warning C4018: '<' : signed/unsigned mismatch
     1>d:\subversion\codeur-de-chevalier-tower-defense\td\td\td.cpp(232): warning C4244: 'argument' : conversion from 'int' to 'float', possible loss of data
     1>d:\subversion\codeur-de-chevalier-tower-defense\td\td\td.cpp(232): warning C4244: 'argument' : conversion from 'int' to 'float', possible loss of data
     1>d:\subversion\codeur-de-chevalier-tower-defense\td\td\td.cpp(237): warning C4244: 'argument' : conversion from 'int' to 'float', possible loss of data
     1>d:\subversion\codeur-de-chevalier-tower-defense\td\td\td.cpp(237): warning C4244: 'argument' : conversion from 'int' to 'float', possible loss of data
     1>d:\subversion\codeur-de-chevalier-tower-defense\td\td\td.cpp(242): warning C4244: 'argument' : conversion from 'int' to 'float', possible loss of data
     1>d:\subversion\codeur-de-chevalier-tower-defense\td\td\td.cpp(242): warning C4244: 'argument' : conversion from 'int' to 'float', possible loss of data
     1>d:\subversion\codeur-de-chevalier-tower-defense\td\td\td.cpp(262): warning C4018: '<' : signed/unsigned mismatch
     1>d:\subversion\codeur-de-chevalier-tower-defense\td\td\td.cpp(267): warning C4018: '<' : signed/unsigned mismatch
     1>d:\subversion\codeur-de-chevalier-tower-defense\td\td\td.cpp(570): warning C4244: 'argument' : conversion from 'int' to 'float', possible loss of data
     1>d:\subversion\codeur-de-chevalier-tower-defense\td\td\td.cpp(570): warning C4244: 'argument' : conversion from 'int' to 'float', possible loss of data
     1>d:\subversion\codeur-de-chevalier-tower-defense\td\td\td.cpp(572): warning C4244: 'argument' : conversion from 'int' to 'float', possible loss of data
     1>d:\subversion\codeur-de-chevalier-tower-defense\td\td\td.cpp(572): warning C4244: 'argument' : conversion from 'int' to 'float', possible loss of data
     1>d:\subversion\codeur-de-chevalier-tower-defense\td\td\td.cpp(604): warning C4244: 'argument' : conversion from 'int' to 'float', possible loss of data
     1>d:\subversion\codeur-de-chevalier-tower-defense\td\td\td.cpp(604): warning C4244: 'argument' : conversion from 'int' to 'float', possible loss of data
     1>d:\subversion\codeur-de-chevalier-tower-defense\td\td\td.cpp(664): warning C4244: 'argument' : conversion from 'int' to 'float', possible loss of data
     1>d:\subversion\codeur-de-chevalier-tower-defense\td\td\td.cpp(664): warning C4244: 'argument' : conversion from 'int' to 'float', possible loss of data
     1>d:\subversion\codeur-de-chevalier-tower-defense\td\td\td.cpp(666): warning C4244: 'argument' : conversion from 'int' to 'float', possible loss of data
     1>d:\subversion\codeur-de-chevalier-tower-defense\td\td\td.cpp(666): warning C4244: 'argument' : conversion from 'int' to 'float', possible loss of data
     1>d:\subversion\codeur-de-chevalier-tower-defense\td\td\td.cpp(699): warning C4244: 'argument' : conversion from 'int' to 'float', possible loss of data
     1>d:\subversion\codeur-de-chevalier-tower-defense\td\td\td.cpp(699): warning C4244: 'argument' : conversion from 'int' to 'float', possible loss of data
     1>d:\subversion\codeur-de-chevalier-tower-defense\td\td\td.cpp(759): warning C4244: 'argument' : conversion from 'int' to 'float', possible loss of data
     1>d:\subversion\codeur-de-chevalier-tower-defense\td\td\td.cpp(759): warning C4244: 'argument' : conversion from 'int' to 'float', possible loss of data
     1>d:\subversion\codeur-de-chevalier-tower-defense\td\td\td.cpp(761): warning C4244: 'argument' : conversion from 'int' to 'float', possible loss of data
     1>d:\subversion\codeur-de-chevalier-tower-defense\td\td\td.cpp(761): warning C4244: 'argument' : conversion from 'int' to 'float', possible loss of data
     1>d:\subversion\codeur-de-chevalier-tower-defense\td\td\td.cpp(803): warning C4244: 'argument' : conversion from 'int' to 'float', possible loss of data
     1>d:\subversion\codeur-de-chevalier-tower-defense\td\td\td.cpp(803): warning C4244: 'argument' : conversion from 'int' to 'float', possible loss of data
     1>d:\subversion\codeur-de-chevalier-tower-defense\td\td\td.cpp(866): warning C4018: '<' : signed/unsigned mismatch
     1>d:\subversion\codeur-de-chevalier-tower-defense\td\td\td.cpp(918): warning C4018: '<' : signed/unsigned mismatch
     1>d:\subversion\codeur-de-chevalier-tower-defense\td\td\td.cpp(965): warning C4018: '<' : signed/unsigned mismatch
     1>d:\subversion\codeur-de-chevalier-tower-defense\td\td\td.cpp(1006): warning C4244: 'argument' : conversion from 'int' to 'float', possible loss of data
     1>d:\subversion\codeur-de-chevalier-tower-defense\td\td\td.cpp(1006): warning C4244: 'argument' : conversion from 'int' to 'float', possible loss of data
     1>d:\subversion\codeur-de-chevalier-tower-defense\td\td\td.cpp(1009): warning C4244: 'argument' : conversion from 'int' to 'float', possible loss of data
     1>d:\subversion\codeur-de-chevalier-tower-defense\td\td\td.cpp(1009): warning C4244: 'argument' : conversion from 'int' to 'float', possible loss of data
     1>d:\subversion\codeur-de-chevalier-tower-defense\td\td\td.cpp(1013): warning C4244: 'argument' : conversion from 'int' to 'float', possible loss of data
     1>d:\subversion\codeur-de-chevalier-tower-defense\td\td\td.cpp(1013): warning C4244: 'argument' : conversion from 'int' to 'float', possible loss of data
     1>d:\subversion\codeur-de-chevalier-tower-defense\td\td\td.cpp(1013): warning C4244: 'argument' : conversion from 'int' to 'float', possible loss of data
     1>d:\subversion\codeur-de-chevalier-tower-defense\td\td\td.cpp(1013): warning C4244: 'argument' : conversion from 'int' to 'float', possible loss of data
     1>d:\subversion\codeur-de-chevalier-tower-defense\td\td\td.cpp(1014): warning C4244: 'argument' : conversion from 'int' to 'float', possible loss of data
     1>d:\subversion\codeur-de-chevalier-tower-defense\td\td\td.cpp(1014): warning C4244: 'argument' : conversion from 'double' to 'float', possible loss of data
     1>d:\subversion\codeur-de-chevalier-tower-defense\td\td\td.cpp(1014): warning C4244: 'argument' : conversion from 'int' to 'float', possible loss of data
     1>d:\subversion\codeur-de-chevalier-tower-defense\td\td\td.cpp(1014): warning C4244: 'argument' : conversion from 'int' to 'float', possible loss of data
     1>d:\subversion\codeur-de-chevalier-tower-defense\td\td\td.cpp(1042): warning C4018: '<' : signed/unsigned mismatch
     1>d:\subversion\codeur-de-chevalier-tower-defense\td\td\td.cpp(1072): warning C4244: 'argument' : conversion from 'int' to 'float', possible loss of data
     1>d:\subversion\codeur-de-chevalier-tower-defense\td\td\td.cpp(1075): warning C4244: 'argument' : conversion from 'int' to 'float', possible loss of data
     1>d:\subversion\codeur-de-chevalier-tower-defense\td\td\td.cpp(1078): warning C4244: 'argument' : conversion from 'int' to 'float', possible loss of data
     1>d:\subversion\codeur-de-chevalier-tower-defense\td\td\td.cpp(1078): warning C4244: 'argument' : conversion from 'int' to 'float', possible loss of data
     1>d:\subversion\codeur-de-chevalier-tower-defense\td\td\td.cpp(1079): warning C4244: 'argument' : conversion from 'double' to 'float', possible loss of data
     1>d:\subversion\codeur-de-chevalier-tower-defense\td\td\td.cpp(1079): warning C4244: 'argument' : conversion from 'int' to 'float', possible loss of data
     1>d:\subversion\codeur-de-chevalier-tower-defense\td\td\td.cpp(1090): warning C4244: 'argument' : conversion from 'int' to 'float', possible loss of data
     1>d:\subversion\codeur-de-chevalier-tower-defense\td\td\td.cpp(1093): warning C4244: 'argument' : conversion from 'int' to 'float', possible loss of data
     1>d:\subversion\codeur-de-chevalier-tower-defense\td\td\td.cpp(1096): warning C4244: 'argument' : conversion from 'int' to 'float', possible loss of data
     1>d:\subversion\codeur-de-chevalier-tower-defense\td\td\td.cpp(1096): warning C4244: 'argument' : conversion from 'int' to 'float', possible loss of data
     1>d:\subversion\codeur-de-chevalier-tower-defense\td\td\td.cpp(1097): warning C4244: 'argument' : conversion from 'int' to 'float', possible loss of data
     1>d:\subversion\codeur-de-chevalier-tower-defense\td\td\td.cpp(1097): warning C4244: 'argument' : conversion from 'double' to 'float', possible loss of data
     1>d:\subversion\codeur-de-chevalier-tower-defense\td\td\td.cpp(1097): warning C4244: 'argument' : conversion from 'int' to 'float', possible loss of data
     1>d:\subversion\codeur-de-chevalier-tower-defense\td\td\td.cpp(1102): warning C4244: 'argument' : conversion from 'int' to 'float', possible loss of data
     1>d:\subversion\codeur-de-chevalier-tower-defense\td\td\td.cpp(1105): warning C4244: 'argument' : conversion from 'int' to 'float', possible loss of data
     1>d:\subversion\codeur-de-chevalier-tower-defense\td\td\td.cpp(1108): warning C4244: 'argument' : conversion from 'int' to 'float', possible loss of data
     1>d:\subversion\codeur-de-chevalier-tower-defense\td\td\td.cpp(1108): warning C4244: 'argument' : conversion from 'int' to 'float', possible loss of data
     1>d:\subversion\codeur-de-chevalier-tower-defense\td\td\td.cpp(1109): warning C4244: 'argument' : conversion from 'double' to 'float', possible loss of data
     1>d:\subversion\codeur-de-chevalier-tower-defense\td\td\td.cpp(1109): warning C4244: 'argument' : conversion from 'int' to 'float', possible loss of data
     1>d:\subversion\codeur-de-chevalier-tower-defense\td\td\td.cpp(1120): warning C4244: 'argument' : conversion from 'int' to 'float', possible loss of data
     1>d:\subversion\codeur-de-chevalier-tower-defense\td\td\td.cpp(1123): warning C4244: 'argument' : conversion from 'int' to 'float', possible loss of data
     1>d:\subversion\codeur-de-chevalier-tower-defense\td\td\td.cpp(1126): warning C4244: 'argument' : conversion from 'int' to 'float', possible loss of data
     1>d:\subversion\codeur-de-chevalier-tower-defense\td\td\td.cpp(1126): warning C4244: 'argument' : conversion from 'int' to 'float', possible loss of data
     1>d:\subversion\codeur-de-chevalier-tower-defense\td\td\td.cpp(1127): warning C4244: 'argument' : conversion from 'int' to 'float', possible loss of data
     1>d:\subversion\codeur-de-chevalier-tower-defense\td\td\td.cpp(1127): warning C4244: 'argument' : conversion from 'double' to 'float', possible loss of data
     1>d:\subversion\codeur-de-chevalier-tower-defense\td\td\td.cpp(1127): warning C4244: 'argument' : conversion from 'int' to 'float', possible loss of data
       ManifestResourceCompile:
         All outputs are up-to-date.
       Link:
         C:\Program Files (x86)\Microsoft Visual Studio 10.0\VC\bin\link.exe /ERRORREPORT:PROMPT /OUT:"D:\Subversion\codeur-de-chevalier-tower-defense\TD\Debug\TD.exe" /INCREMENTAL /NOLOGO /LIBPATH:"D:\Subversion\codeur-de-chevalier-tower-defense\TD\TD\SFML-1.6\lib" kernel32.lib user32.lib gdi32.lib winspool.lib comdlg32.lib advapi32.lib shell32.lib ole32.lib oleaut32.lib uuid.lib odbc32.lib odbccp32.lib "sfml-system-d.lib" "sfml-main-d.lib" "sfml-graphics-d.lib" "sfml-audio-d.lib" "sfml-network-d.lib" "sfml-window-d.lib" "sfml-system-d.lib" "sfml-main-d.lib" "sfml-graphics-d.lib" "sfml-audio-d.lib" "sfml-network-d.lib" "sfml-window-d.lib" kernel32.lib user32.lib gdi32.lib winspool.lib comdlg32.lib advapi32.lib shell32.lib ole32.lib oleaut32.lib uuid.lib odbc32.lib odbccp32.lib /MANIFEST /ManifestFile:"Debug\TD.exe.intermediate.manifest" /MANIFESTUAC:"level='asInvoker' uiAccess='false'" /DEBUG /PDB:"D:\Subversion\codeur-de-chevalier-tower-defense\TD\Debug\TD.pdb" /SUBSYSTEM:CONSOLE /TLBID:1 /DYNAMICBASE /NXCOMPAT /IMPLIB:"D:\Subversion\codeur-de-chevalier-tower-defense\TD\Debug\TD.lib" /MACHINE:X86 Debug\TD.exe.embed.manifest.res
         Debug\Enemy.obj
         Debug\Field.obj
         Debug\Game.obj
         Debug\GameObjectManager.obj
         Debug\MainMenu.obj
         Debug\Node.obj
         Debug\SplashScreen.obj
         Debug\stdafx.obj
         Debug\TD.obj
         Debug\Tower.obj
         Debug\VisibleGameObject.obj
       Manifest:
         C:\Program Files (x86)\Microsoft SDKs\Windows\v7.0A\bin\mt.exe /nologo /verbose /out:"Debug\TD.exe.embed.manifest" /manifest Debug\TD.exe.intermediate.manifest
         All outputs are up-to-date.
       LinkEmbedManifest:
         All outputs are up-to-date.
         TD.vcxproj -> D:\Subversion\codeur-de-chevalier-tower-defense\TD\Debug\TD.exe
       FinalizeBuildStatus:
         Deleting file "Debug\TD.unsuccessfulbuild".
         Touching "Debug\TD.lastbuildstate".
     1>Done Building Project "D:\Subversion\codeur-de-chevalier-tower-defense\TD\TD\TD.vcxproj" (build target(s)).

Build succeeded.

Time Elapsed 00:00:01.87
