D:\SUBVERSION\CODEUR-DE-CHEVALIER-TOWER-DEFENSE\TD\DEBUG\TD.EXE
D:\SUBVERSION\CODEUR-DE-CHEVALIER-TOWER-DEFENSE\TD\DEBUG\TD.ILK
D:\SUBVERSION\CODEUR-DE-CHEVALIER-TOWER-DEFENSE\TD\DEBUG\TD.PDB
D:\Subversion\codeur-de-chevalier-tower-defense\TD\TD\Debug\cl.command.1.tlog
D:\Subversion\codeur-de-chevalier-tower-defense\TD\TD\Debug\CL.read.1.tlog
D:\Subversion\codeur-de-chevalier-tower-defense\TD\TD\Debug\CL.write.1.tlog
D:\SUBVERSION\CODEUR-DE-CHEVALIER-TOWER-DEFENSE\TD\TD\DEBUG\ENEMY.OBJ
D:\SUBVERSION\CODEUR-DE-CHEVALIER-TOWER-DEFENSE\TD\TD\DEBUG\FIELD.OBJ
D:\SUBVERSION\CODEUR-DE-CHEVALIER-TOWER-DEFENSE\TD\TD\DEBUG\GAME.OBJ
D:\SUBVERSION\CODEUR-DE-CHEVALIER-TOWER-DEFENSE\TD\TD\DEBUG\GAMEOBJECTMANAGER.OBJ
D:\Subversion\codeur-de-chevalier-tower-defense\TD\TD\Debug\link.1628.read.1.tlog
D:\Subversion\codeur-de-chevalier-tower-defense\TD\TD\Debug\link.1628.write.1.tlog
D:\Subversion\codeur-de-chevalier-tower-defense\TD\TD\Debug\link.1628-cvtres.read.1.tlog
D:\Subversion\codeur-de-chevalier-tower-defense\TD\TD\Debug\link.1628-cvtres.write.1.tlog
D:\Subversion\codeur-de-chevalier-tower-defense\TD\TD\Debug\link.2580.read.1.tlog
D:\Subversion\codeur-de-chevalier-tower-defense\TD\TD\Debug\link.2580.write.1.tlog
D:\Subversion\codeur-de-chevalier-tower-defense\TD\TD\Debug\link.2580-cvtres.read.1.tlog
D:\Subversion\codeur-de-chevalier-tower-defense\TD\TD\Debug\link.2580-cvtres.write.1.tlog
D:\Subversion\codeur-de-chevalier-tower-defense\TD\TD\Debug\link.command.1.tlog
D:\Subversion\codeur-de-chevalier-tower-defense\TD\TD\Debug\link.read.1.tlog
D:\Subversion\codeur-de-chevalier-tower-defense\TD\TD\Debug\link.write.1.tlog
D:\Subversion\codeur-de-chevalier-tower-defense\TD\TD\Debug\link-cvtres.read.1.tlog
D:\Subversion\codeur-de-chevalier-tower-defense\TD\TD\Debug\link-cvtres.write.1.tlog
D:\SUBVERSION\CODEUR-DE-CHEVALIER-TOWER-DEFENSE\TD\TD\DEBUG\MAINMENU.OBJ
D:\Subversion\codeur-de-chevalier-tower-defense\TD\TD\Debug\mt.command.1.tlog
D:\Subversion\codeur-de-chevalier-tower-defense\TD\TD\Debug\mt.read.1.tlog
D:\Subversion\codeur-de-chevalier-tower-defense\TD\TD\Debug\mt.write.1.tlog
D:\SUBVERSION\CODEUR-DE-CHEVALIER-TOWER-DEFENSE\TD\TD\DEBUG\NODE.OBJ
D:\Subversion\codeur-de-chevalier-tower-defense\TD\TD\Debug\rc.command.1.tlog
D:\Subversion\codeur-de-chevalier-tower-defense\TD\TD\Debug\rc.read.1.tlog
D:\Subversion\codeur-de-chevalier-tower-defense\TD\TD\Debug\rc.write.1.tlog
D:\SUBVERSION\CODEUR-DE-CHEVALIER-TOWER-DEFENSE\TD\TD\DEBUG\SPLASHSCREEN.OBJ
D:\SUBVERSION\CODEUR-DE-CHEVALIER-TOWER-DEFENSE\TD\TD\DEBUG\STDAFX.OBJ
D:\SUBVERSION\CODEUR-DE-CHEVALIER-TOWER-DEFENSE\TD\TD\DEBUG\TD.EXE.EMBED.MANIFEST
D:\SUBVERSION\CODEUR-DE-CHEVALIER-TOWER-DEFENSE\TD\TD\DEBUG\TD.EXE.EMBED.MANIFEST.RES
D:\SUBVERSION\CODEUR-DE-CHEVALIER-TOWER-DEFENSE\TD\TD\DEBUG\TD.EXE.INTERMEDIATE.MANIFEST
D:\SUBVERSION\CODEUR-DE-CHEVALIER-TOWER-DEFENSE\TD\TD\DEBUG\TD.OBJ
D:\SUBVERSION\CODEUR-DE-CHEVALIER-TOWER-DEFENSE\TD\TD\DEBUG\TD.PCH
D:\Subversion\codeur-de-chevalier-tower-defense\TD\TD\Debug\TD_manifest.rc
D:\SUBVERSION\CODEUR-DE-CHEVALIER-TOWER-DEFENSE\TD\TD\DEBUG\TOWER.OBJ
D:\Subversion\codeur-de-chevalier-tower-defense\TD\TD\Debug\vc100.idb
D:\SUBVERSION\CODEUR-DE-CHEVALIER-TOWER-DEFENSE\TD\TD\DEBUG\VC100.PDB
D:\SUBVERSION\CODEUR-DE-CHEVALIER-TOWER-DEFENSE\TD\TD\DEBUG\VISIBLEGAMEOBJECT.OBJ
