Build started 9/25/2012 5:56:07 PM.
     1>Project "D:\Subversion\codeur-de-chevalier-tower-defense\TD\TD\TD.vcxproj" on node 2 (build target(s)).
     1>InitializeBuildStatus:
         Creating "Debug\TD.unsuccessfulbuild" because "AlwaysCreate" was specified.
       ClCompile:
         All outputs are up-to-date.
         C:\Program Files (x86)\Microsoft Visual Studio 10.0\VC\bin\CL.exe /c /I"D:\Subversion\codeur-de-chevalier-tower-defense\TD\TD\SFML-1.6\include" /ZI /nologo /W3 /WX- /Od /Oy- /D WIN32 /D _DEBUG /D _CONSOLE /D _UNICODE /D UNICODE /Gm /EHsc /RTC1 /MDd /GS /fp:precise /Zc:wchar_t /Zc:forScope /Yu"StdAfx.h" /Fp"Debug\TD.pch" /Fo"Debug\\" /Fd"Debug\vc100.pdb" /Gd /TP /analyze- /errorReport:prompt TD.cpp
         TD.cpp
     1>d:\subversion\codeur-de-chevalier-tower-defense\td\td\td.cpp(163): warning C4018: '<' : signed/unsigned mismatch
     1>d:\subversion\codeur-de-chevalier-tower-defense\td\td\td.cpp(200): warning C4018: '<' : signed/unsigned mismatch
     1>d:\subversion\codeur-de-chevalier-tower-defense\td\td\td.cpp(245): warning C4018: '<' : signed/unsigned mismatch
     1>d:\subversion\codeur-de-chevalier-tower-defense\td\td\td.cpp(78): warning C4101: 'cekpersiapan' : unreferenced local variable
       ManifestResourceCompile:
         All outputs are up-to-date.
       Link:
         C:\Program Files (x86)\Microsoft Visual Studio 10.0\VC\bin\link.exe /ERRORREPORT:PROMPT /OUT:"D:\Subversion\codeur-de-chevalier-tower-defense\TD\Debug\TD.exe" /INCREMENTAL /NOLOGO /LIBPATH:"D:\Subversion\codeur-de-chevalier-tower-defense\TD\TD\SFML-1.6\lib" kernel32.lib user32.lib gdi32.lib winspool.lib comdlg32.lib advapi32.lib shell32.lib ole32.lib oleaut32.lib uuid.lib odbc32.lib odbccp32.lib "sfml-system-d.lib" "sfml-main-d.lib" "sfml-graphics-d.lib" "sfml-audio-d.lib" "sfml-network-d.lib" "sfml-window-d.lib" "sfml-system-d.lib" "sfml-main-d.lib" "sfml-graphics-d.lib" "sfml-audio-d.lib" "sfml-network-d.lib" "sfml-window-d.lib" kernel32.lib user32.lib gdi32.lib winspool.lib comdlg32.lib advapi32.lib shell32.lib ole32.lib oleaut32.lib uuid.lib odbc32.lib odbccp32.lib /MANIFEST /ManifestFile:"Debug\TD.exe.intermediate.manifest" /MANIFESTUAC:"level='asInvoker' uiAccess='false'" /DEBUG /PDB:"D:\Subversion\codeur-de-chevalier-tower-defense\TD\Debug\TD.pdb" /SUBSYSTEM:CONSOLE /TLBID:1 /DYNAMICBASE /NXCOMPAT /IMPLIB:"D:\Subversion\codeur-de-chevalier-tower-defense\TD\Debug\TD.lib" /MACHINE:X86 Debug\TD.exe.embed.manifest.res
         Debug\Enemy.obj
         Debug\Field.obj
         Debug\Game.obj
         Debug\GameObjectManager.obj
         Debug\MainMenu.obj
         Debug\Node.obj
         Debug\SplashScreen.obj
         Debug\stdafx.obj
         Debug\TD.obj
         Debug\Tower.obj
         Debug\VisibleGameObject.obj
       Manifest:
         C:\Program Files (x86)\Microsoft SDKs\Windows\v7.0A\bin\mt.exe /nologo /verbose /out:"Debug\TD.exe.embed.manifest" /manifest Debug\TD.exe.intermediate.manifest
         All outputs are up-to-date.
       LinkEmbedManifest:
         All outputs are up-to-date.
         TD.vcxproj -> D:\Subversion\codeur-de-chevalier-tower-defense\TD\Debug\TD.exe
       FinalizeBuildStatus:
         Deleting file "Debug\TD.unsuccessfulbuild".
         Touching "Debug\TD.lastbuildstate".
     1>Done Building Project "D:\Subversion\codeur-de-chevalier-tower-defense\TD\TD\TD.vcxproj" (build target(s)).

Build succeeded.

Time Elapsed 00:00:01.59
